<?xml version="1.0" encoding="UTF-8"?>
<!-- Generated by org.testng.reporters.JUnitXMLReporter -->
<testsuite hostname="RAKESHG2-TXL" ignored="0" name="My Test1" tests="1" failures="1" timestamp="10 Apr 2019 10:52:10 GMT" time="7.677" errors="0">
  <testcase name="validateUrl" time="7.642" classname="Day6.ValidateTitleTest">
    <failure type="java.lang.AssertionError" message="Validating Title expected [true] but found [false]">
      <![CDATA[java.lang.AssertionError: Validating Title expected [true] but found [false]
at Day6.ValidateTitleTest.validateUrl(ValidateTitleTest.java:21)
... Removed 28 stack frames]]>
    </failure>
  </testcase> <!-- validateUrl -->
</testsuite> <!-- My Test1 -->
